<?xml version="1.0" encoding="UTF-8"?>
<!-- Generated by org.testng.reporters.JUnitReportReporter -->
<testsuite hostname="Talib" failures="0" tests="3" name="testCases.TC002_LoginTest" time="17.609" errors="0" timestamp="2024-12-08T14:17:39 IST" skipped="0">
  <testcase classname="testCases.TC002_LoginTest" name="verifyLogin" time="7.862"/>
  <testcase classname="testCases.TC002_LoginTest" name="verifyLogin" time="6.419"/>
  <testcase classname="testCases.TC002_LoginTest" name="verifyLogin" time="3.328"/>
</testsuite> <!-- testCases.TC002_LoginTest -->
