<?xml version="1.0" encoding="UTF-8"?>
<!-- Generated by org.testng.reporters.JUnitReportReporter -->
<testsuite hostname="Talib" failures="0" tests="3" name="testCases.TC001_AccountRegistrationTest" time="35.938" errors="0" timestamp="2024-12-08T14:17:39 IST" skipped="0">
  <testcase classname="testCases.TC001_AccountRegistrationTest" name="verifyAccountRegistratioin" time="15.206"/>
  <testcase classname="testCases.TC001_AccountRegistrationTest" name="verifyAccountRegistratioin" time="15.290"/>
  <testcase classname="testCases.TC001_AccountRegistrationTest" name="verifyAccountRegistratioin" time="5.442"/>
</testsuite> <!-- testCases.TC001_AccountRegistrationTest -->
