<?xml version="1.0" encoding="UTF-8"?>
<!-- Generated by org.testng.reporters.JUnitReportReporter -->
<testsuite hostname="Talib" failures="0" tests="12" name="testCases.TC003_DDTLoginTest" time="109.862" errors="0" timestamp="2024-12-08T14:17:39 IST" skipped="0">
  <testcase classname="testCases.TC003_DDTLoginTest" name="VerifyLoginDDt" time="16.818"/>
  <testcase classname="testCases.TC003_DDTLoginTest" name="VerifyLoginDDt" time="3.550"/>
  <testcase classname="testCases.TC003_DDTLoginTest" name="VerifyLoginDDt" time="12.607"/>
  <testcase classname="testCases.TC003_DDTLoginTest" name="VerifyLoginDDt" time="4.959"/>
  <testcase classname="testCases.TC003_DDTLoginTest" name="VerifyLoginDDt" time="5.602"/>
  <testcase classname="testCases.TC003_DDTLoginTest" name="VerifyLoginDDt" time="3.285"/>
  <testcase classname="testCases.TC003_DDTLoginTest" name="VerifyLoginDDt" time="16.464"/>
  <testcase classname="testCases.TC003_DDTLoginTest" name="VerifyLoginDDt" time="2.165"/>
  <testcase classname="testCases.TC003_DDTLoginTest" name="VerifyLoginDDt" time="15.998"/>
  <testcase classname="testCases.TC003_DDTLoginTest" name="VerifyLoginDDt" time="3.273"/>
  <testcase classname="testCases.TC003_DDTLoginTest" name="VerifyLoginDDt" time="11.811"/>
  <testcase classname="testCases.TC003_DDTLoginTest" name="VerifyLoginDDt" time="13.330"/>
</testsuite> <!-- testCases.TC003_DDTLoginTest -->
